This is pdfTeX, Version 3.14159265-2.6-1.40.19 (MiKTeX 2.9.6630 64-bit) (preloaded format=pdflatex 2018.3.30)  17 MAY 2018 20:51
entering extended mode
**./Memoria.tex
(Memoria.tex
LaTeX2e <2017-04-15>
Babel <3.18> and hyphenation patterns for 75 language(s) loaded.
("C:\Program Files\MiKTeX 2.9\tex\latex\memoir\memoir.cls"
Document Class: memoir 2016/05/16 v3.7f configurable book, report, article document class
\onelineskip=\skip41
\lxvchars=\skip42
\xlvchars=\skip43
\@memcnta=\count79
\c@@memmarkcntra=\count80
("C:\Program Files\MiKTeX 2.9\tex\generic\oberdiek\ifpdf.sty"
Package: ifpdf 2017/03/15 v3.2 Provides the ifpdf switch
) ("C:\Program Files\MiKTeX 2.9\tex\latex\ifetex\ifetex.sty"
Package: ifetex 2018/03/31 v1.2a ifetex
 ("C:\Program Files\MiKTeX 2.9\tex\plain\ifetex\ifetex.tex"))
("C:\Program Files\MiKTeX 2.9\tex\generic\ifxetex\ifxetex.sty"
Package: ifxetex 2010/09/12 v0.6 Provides ifxetex conditional
)
("C:\Program Files\MiKTeX 2.9\tex\generic\oberdiek\ifluatex.sty"
Package: ifluatex 2016/05/16 v1.4 Provides the ifluatex switch (HO)
Package ifluatex Info: LuaTeX not detected.
)
\stockheight=\skip44
\stockwidth=\skip45
\trimtop=\skip46
\trimedge=\skip47

("C:\Program Files\MiKTeX 2.9\tex\latex\memoir\mem11.clo"
File: mem11.clo 2008/01/30 v0.3 memoir class 11pt size option
)
\binding=\skip48
\spinemargin=\skip49
\foremargin=\skip50
\uppermargin=\skip51
\lowermargin=\skip52
\headdrop=\skip53
\normalrulethickness=\skip54
\mem@maxheadheight=\skip55
\mem@maxfootheight=\skip56
\headwidth=\skip57
\c@storedpagenumber=\count81
\memPD=\dimen102
\m@mabparskip=\skip58
\thanksmarkwidth=\skip59
\thanksmarksep=\skip60
\droptitle=\skip61
\c@book=\count82
\c@part=\count83
\c@chapter=\count84
\c@section=\count85
\c@subsection=\count86
\c@subsubsection=\count87
\c@paragraph=\count88
\c@subparagraph=\count89
\beforechapskip=\skip62
\midchapskip=\skip63
\afterchapskip=\skip64
\chapindent=\skip65
\bottomsectionskip=\skip66
\secindent=\skip67
\beforesecskip=\skip68
\aftersecskip=\skip69
\subsecindent=\skip70
\beforesubsecskip=\skip71
\aftersubsecskip=\skip72
\subsubsecindent=\skip73
\beforesubsubsecskip=\skip74
\aftersubsubsecskip=\skip75
\paraindent=\skip76
\beforeparaskip=\skip77
\afterparaskip=\skip78
\subparaindent=\skip79
\beforesubparaskip=\skip80
\aftersubparaskip=\skip81
\pfbreakskip=\skip82
\c@@ppsavesec=\count90
\c@@ppsaveapp=\count91
\ragrparindent=\dimen103
\everylistparindent=\dimen104
\parsepi=\skip83
\topsepi=\skip84
\itemsepi=\skip85
\parsepii=\skip86
\topsepii=\skip87
\topsepiii=\skip88
\itemsepii=\skip89
\itemsepiii=\skip90
\partopsepii=\skip91
\partopsepiii=\skip92
\m@msavetopsep=\skip93
\m@msavepartopsep=\skip94
\@enLab=\toks14
\abstitleskip=\skip95
\absleftindent=\skip96
\abs@leftindent=\dimen105
\absrightindent=\skip97
\absparindent=\skip98
\absparsep=\skip99
\c@vslineno=\count92
\c@poemline=\count93
\c@modulo@vs=\count94
\c@memfvsline=\count95
\vleftskip=\skip100
\vrightskip=\skip101
\stanzaskip=\skip102
\versewidth=\skip103
\vgap=\skip104
\vindent=\skip105
\vleftmargin=\dimen106
\c@verse=\count96
\c@chrsinstr=\count97
\beforepoemtitleskip=\skip106
\afterpoemtitleskip=\skip107
\c@poem=\count98
\beforePoemTitleskip=\skip108
\midPoemTitleskip=\skip109
\afterPoemTitleskip=\skip110
\col@sep=\dimen107
\extrarowheight=\dimen108
\NC@list=\toks15
\extratabsurround=\skip111
\backup@length=\skip112
\TX@col@width=\dimen109
\TX@old@table=\dimen110
\TX@old@col=\dimen111
\TX@target=\dimen112
\TX@delta=\dimen113
\TX@cols=\count99
\TX@ftn=\toks16
\heavyrulewidth=\dimen114
\lightrulewidth=\dimen115
\cmidrulewidth=\dimen116
\belowrulesep=\dimen117
\belowbottomsep=\dimen118
\aboverulesep=\dimen119
\abovetopsep=\dimen120
\cmidrulesep=\dimen121
\cmidrulekern=\dimen122
\defaultaddspace=\dimen123
\@cmidla=\count100
\@cmidlb=\count101
\@aboverulesep=\dimen124
\@belowrulesep=\dimen125
\@thisruleclass=\count102
\@lastruleclass=\count103
\@thisrulewidth=\dimen126
\ctableftskip=\skip113
\ctabrightskip=\skip114
\abovecolumnspenalty=\count104
\@linestogo=\count105
\@cellstogo=\count106
\@cellsincolumn=\count107
\crtok=\toks17
\@mincolumnwidth=\dimen127
\c@newflo@tctr=\count108
\mem@margin@floatbox=\box26
\@contcwidth=\skip115
\@contindw=\skip116
\abovecaptionskip=\skip117
\belowcaptionskip=\skip118
\subfloattopskip=\skip119
\subfloatcapskip=\skip120
\subfloatcaptopadj=\skip121
\subfloatbottomskip=\skip122
\subfloatlabelskip=\skip123
\subfloatcapmargin=\dimen128
\c@@contsubnum=\count109
\m@mscap@capbox=\box27
\m@mscap@fbox=\box28
\sidecapsep=\dimen129
\sidecapwidth=\dimen130
\m@m@tempdima=\dimen131
\m@mscapraise=\dimen132
\sidecapraise=\dimen133
\m@mscapmainwidth=\dimen134
\m@mscaplkern=\dimen135
\beforeepigraphskip=\skip124
\afterepigraphskip=\skip125
\epigraphwidth=\skip126
\epigraphrule=\skip127
LaTeX Info: Redefining \em on input line 7551.
LaTeX Info: Redefining \emph on input line 7559.
\tocentryskip=\skip128
\tocbaseline=\skip129
\cftparskip=\skip130
\cftbeforebookskip=\skip131
\cftbookindent=\dimen136
\cftbooknumwidth=\dimen137
\cftbeforepartskip=\skip132
\cftpartindent=\skip133
\cftpartnumwidth=\skip134
\cftbeforechapterskip=\skip135
\cftchapterindent=\skip136
\cftchapternumwidth=\skip137
\cftbeforesectionskip=\skip138
\cftsectionindent=\skip139
\cftsectionnumwidth=\skip140
\cftbeforesubsectionskip=\skip141
\cftsubsectionindent=\skip142
\cftsubsectionnumwidth=\skip143
\cftbeforesubsubsectionskip=\skip144
\cftsubsubsectionindent=\skip145
\cftsubsubsectionnumwidth=\skip146
\cftbeforeparagraphskip=\skip147
\cftparagraphindent=\skip148
\cftparagraphnumwidth=\skip149
\cftbeforesubparagraphskip=\skip150
\cftsubparagraphindent=\skip151
\cftsubparagraphnumwidth=\skip152
\prechapterprecisshift=\dimen138
\c@maxsecnumdepth=\count110
\bibindent=\dimen139
\bibitemsep=\skip153
\indexcolsep=\skip154
\indexrule=\skip155
\indexmarkstyle=\toks18
\@indexbox=\insert199
\glossarycolsep=\dimen140
\glossaryrule=\dimen141
\sideparvshift=\skip156
\sideins=\insert198
\sidebartopsep=\skip157
\sidebarhsep=\skip158
\sidebarvsep=\skip159
\sidebarwidth=\skip160
\footmarkwidth=\skip161
\footmarksep=\skip162
\footparindent=\skip163
\footinsdim=\skip164
\footinsv@r=\insert197
\@mpfootinsv@r=\insert196
\m@m@k=\count111
\m@m@h=\dimen142
\m@mipn@skip=\skip165
\sidefootins=\insert195
\sidefootadjust=\skip166
\sidefootheight=\skip167
\sidefoothsep=\skip168
\sidefootvsep=\skip169
\sidefootwidth=\skip170
\m@mdownsf=\skip171
\c@sidefootnote=\count112
\sidefootmarkwidth=\skip172
\sidefootmarksep=\skip173
\sidefootparindent=\skip174
\c@pagenote=\count113
\c@pagenoteshadow=\count114
\mem@pn@lastkern=\skip175
\every@verbatim=\toks19
\afterevery@verbatim=\toks20
\verbatim@line=\toks21
\tab@position=\count115
\verbatim@in@stream=\read1
\verbatimindent=\skip176
\verbatim@out=\write3
\bvboxsep=\skip177
\c@memfbvline=\count116
\c@bvlinectr=\count117
\bvnumlength=\skip178
\fb@frw=\dimen143
\fb@frh=\dimen144
\FrameRule=\dimen145
\FrameSep=\dimen146
\c@cp@cntr=\count118
LaTeX Info: Redefining \: on input line 12068.
LaTeX Info: Redefining \! on input line 12070.
\c@ism@mctr=\count119
\c@xsm@mctr=\count120
\c@csm@mctr=\count121
\c@ksm@mctr=\count122
\c@xksm@mctr=\count123
\c@cksm@mctr=\count124
\c@msm@mctr=\count125
\c@xmsm@mctr=\count126
\c@cmsm@mctr=\count127
\c@bsm@mctr=\count128
\c@workm@mctr=\count129
\c@sheetsequence=\count130
\c@lastsheet=\count131
\c@lastpage=\count132
\c@figure=\count133
\c@lofdepth=\count134
\cftbeforefigureskip=\skip179
\cftfigureindent=\skip180
\cftfigurenumwidth=\skip181
\c@table=\count135
\c@lotdepth=\count136
\cftbeforetableskip=\skip182
\cfttableindent=\skip183
\cfttablenumwidth=\skip184
Package abstract [2008/07/23] emulated by memoir.
Package appendix [2008/07/23] emulated by memoir.
Package array [2008/09/09] emulated by memoir.
Package booktabs [2016/05/16] emulated by memoir.
Package ccaption [2008/07/23] emulated by memoir.
Package changepage [2008/07/23] emulated by memoir.
Package chngcntr [2008/07/23] emulated by memoir.
Package chngpage [2008/07/23] emulated by memoir.
Package crop emulated by memoir.
Package dcolumn [2008/07/23] emulated by memoir.
Package delarray [2008/07/23] emulated by memoir.
Package enumerate [2008/07/23] emulated by memoir.
Package epigraph [2008/07/23] emulated by memoir.
Package ifmtarg [2008/07/23] emulated by memoir.
Package index [2008/07/23] emulated by memoir.
Package makeidx [2008/07/23] emulated by memoir.
Package moreverb [2008/07/23] emulated by memoir.
Package mparhack [2008/07/23] emulated by memoir.
Package needspace [2008/07/23] emulated by memoir.
Package newfile [2008/07/23] emulated by memoir.
Package nextpage [2008/07/23] emulated by memoir.
Package pagenote [2008/07/23] emulated by memoir.
Package parskip [2008/07/23] emulated by memoir.
Package patchcmd [2008/07/23] emulated by memoir.
Package setspace [2008/07/23] emulated by memoir.
Package shortvrb [2008/07/23] emulated by memoir.
Package showidx [2008/07/23] emulated by memoir.
Package tabularx [2008/07/23] emulated by memoir.
Package titleref [2008/07/23] emulated by memoir.
Package titling [2008/07/23] emulated by memoir.
Package tocbibind [2008/07/23] emulated by memoir.
Package tocloft [2008/07/23] emulated by memoir.
Package tocvsec2 [2008/07/23] emulated by memoir.
Package verbatim [2008/07/23] emulated by memoir.
Package verse [2008/07/23] emulated by memoir.
 ("C:\Program Files\MiKTeX 2.9\tex\latex\memoir\mempatch.sty"
Package: mempatch 2009/07/24 v6.0f Patches for memoir class v1.6180339
)) ("C:\Program Files\MiKTeX 2.9\tex\latex\lm\lmodern.sty"
Package: lmodern 2009/10/30 v1.6 Latin Modern Fonts
LaTeX Font Info:    Overwriting symbol font `operators' in version `normal'
(Font)                  OT1/cmr/m/n --> OT1/lmr/m/n on input line 22.
LaTeX Font Info:    Overwriting symbol font `letters' in version `normal'
(Font)                  OML/cmm/m/it --> OML/lmm/m/it on input line 23.
LaTeX Font Info:    Overwriting symbol font `symbols' in version `normal'
(Font)                  OMS/cmsy/m/n --> OMS/lmsy/m/n on input line 24.
LaTeX Font Info:    Overwriting symbol font `largesymbols' in version `normal'
(Font)                  OMX/cmex/m/n --> OMX/lmex/m/n on input line 25.
LaTeX Font Info:    Overwriting symbol font `operators' in version `bold'
(Font)                  OT1/cmr/bx/n --> OT1/lmr/bx/n on input line 26.
LaTeX Font Info:    Overwriting symbol font `letters' in version `bold'
(Font)                  OML/cmm/b/it --> OML/lmm/b/it on input line 27.
LaTeX Font Info:    Overwriting symbol font `symbols' in version `bold'
(Font)                  OMS/cmsy/b/n --> OMS/lmsy/b/n on input line 28.
LaTeX Font Info:    Overwriting symbol font `largesymbols' in version `bold'
(Font)                  OMX/cmex/m/n --> OMX/lmex/m/n on input line 29.
LaTeX Font Info:    Overwriting math alphabet `\mathbf' in version `normal'
(Font)                  OT1/cmr/bx/n --> OT1/lmr/bx/n on input line 31.
LaTeX Font Info:    Overwriting math alphabet `\mathsf' in version `normal'
(Font)                  OT1/cmss/m/n --> OT1/lmss/m/n on input line 32.
LaTeX Font Info:    Overwriting math alphabet `\mathit' in version `normal'
(Font)                  OT1/cmr/m/it --> OT1/lmr/m/it on input line 33.
LaTeX Font Info:    Overwriting math alphabet `\mathtt' in version `normal'
(Font)                  OT1/cmtt/m/n --> OT1/lmtt/m/n on input line 34.
LaTeX Font Info:    Overwriting math alphabet `\mathbf' in version `bold'
(Font)                  OT1/cmr/bx/n --> OT1/lmr/bx/n on input line 35.
LaTeX Font Info:    Overwriting math alphabet `\mathsf' in version `bold'
(Font)                  OT1/cmss/bx/n --> OT1/lmss/bx/n on input line 36.
LaTeX Font Info:    Overwriting math alphabet `\mathit' in version `bold'
(Font)                  OT1/cmr/bx/it --> OT1/lmr/bx/it on input line 37.
LaTeX Font Info:    Overwriting math alphabet `\mathtt' in version `bold'
(Font)                  OT1/cmtt/m/n --> OT1/lmtt/m/n on input line 38.
) ("C:\Program Files\MiKTeX 2.9\tex\latex\base\fontenc.sty"
Package: fontenc 2017/04/05 v2.0i Standard LaTeX package

("C:\Program Files\MiKTeX 2.9\tex\latex\base\t1enc.def"
File: t1enc.def 2017/04/05 v2.0i Standard LaTeX file
LaTeX Font Info:    Redeclaring font encoding T1 on input line 48.
)) ("C:\Program Files\MiKTeX 2.9\tex\generic\babel\babel.sty"
Package: babel 2018/02/14 3.18 The Babel package

("C:\Program Files\MiKTeX 2.9\tex\generic\babel\switch.def"
File: switch.def 2018/02/14 3.18 Babel switching mechanism
)
*************************************
* Local config file bblopts.cfg used
*
("C:\Program Files\MiKTeX 2.9\tex\latex\arabi\bblopts.cfg"
File: bblopts.cfg 2005/09/08 v0.1 add Arabic and Farsi to "declared" options of babel
)
("C:\Program Files\MiKTeX 2.9\tex\latex\babel-spanish\spanish.ldf"
Language: spanish.ldf 2016/03/03 v5.0p Spanish support from the babel system

("C:\Program Files\MiKTeX 2.9\tex\generic\babel\babel.def"
File: babel.def 2018/02/14 3.18 Babel common definitions
\babel@savecnt=\count137
\U@D=\dimen147
 ("C:\Program Files\MiKTeX 2.9\tex\generic\babel\txtbabel.def")
\bbl@dirlevel=\count138
)
\es@quottoks=\toks22
\es@quotdepth=\count139
Package babel Info: Making " an active character on input line 561.
Package babel Info: Making . an active character on input line 662.
Package babel Info: Making < an active character on input line 707.
Package babel Info: Making > an active character on input line 707.
Package babel Info: Making ' an active character on input line 725.
)) ("C:\Program Files\MiKTeX 2.9\tex\latex\pgf\frontendlayer\tikz.sty"
("C:\Program Files\MiKTeX 2.9\tex\latex\pgf\basiclayer\pgf.sty"
("C:\Program Files\MiKTeX 2.9\tex\latex\pgf\utilities\pgfrcs.sty"
("C:\Program Files\MiKTeX 2.9\tex\generic\pgf\utilities\pgfutil-common.tex"
\pgfutil@everybye=\toks23
\pgfutil@tempdima=\dimen148
\pgfutil@tempdimb=\dimen149

("C:\Program Files\MiKTeX 2.9\tex\generic\pgf\utilities\pgfutil-common-lists.tex"))
("C:\Program Files\MiKTeX 2.9\tex\generic\pgf\utilities\pgfutil-latex.def"
\pgfutil@abb=\box29

("C:\Program Files\MiKTeX 2.9\tex\latex\ms\everyshi.sty"
Package: everyshi 2001/05/15 v3.00 EveryShipout Package (MS)
))
("C:\Program Files\MiKTeX 2.9\tex\generic\pgf\utilities\pgfrcs.code.tex"
Package: pgfrcs 2015/08/07 v3.0.1a (rcs-revision 1.31)
))
Package: pgf 2015/08/07 v3.0.1a (rcs-revision 1.15)

("C:\Program Files\MiKTeX 2.9\tex\latex\pgf\basiclayer\pgfcore.sty"
("C:\Program Files\MiKTeX 2.9\tex\latex\graphics\graphicx.sty"
Package: graphicx 2017/06/01 v1.1a Enhanced LaTeX Graphics (DPC,SPQR)

("C:\Program Files\MiKTeX 2.9\tex\latex\graphics\keyval.sty"
Package: keyval 2014/10/28 v1.15 key=value parser (DPC)
\KV@toks@=\toks24
)
("C:\Program Files\MiKTeX 2.9\tex\latex\graphics\graphics.sty"
Package: graphics 2017/06/25 v1.2c Standard LaTeX Graphics (DPC,SPQR)
 ("C:\Program Files\MiKTeX 2.9\tex\latex\graphics\trig.sty"
Package: trig 2016/01/03 v1.10 sin cos tan (DPC)
) ("C:\Program Files\MiKTeX 2.9\tex\latex\graphics-cfg\graphics.cfg"
File: graphics.cfg 2016/06/04 v1.11 sample graphics configuration
)
Package graphics Info: Driver file: pdftex.def on input line 99.

("C:\Program Files\MiKTeX 2.9\tex\latex\graphics-def\pdftex.def"
File: pdftex.def 2018/01/08 v1.0l Graphics/color driver for pdftex
))
\Gin@req@height=\dimen150
\Gin@req@width=\dimen151
)
("C:\Program Files\MiKTeX 2.9\tex\latex\pgf\systemlayer\pgfsys.sty"
("C:\Program Files\MiKTeX 2.9\tex\generic\pgf\systemlayer\pgfsys.code.tex"
Package: pgfsys 2014/07/09 v3.0.1a (rcs-revision 1.48)

("C:\Program Files\MiKTeX 2.9\tex\generic\pgf\utilities\pgfkeys.code.tex"
\pgfkeys@pathtoks=\toks25
\pgfkeys@temptoks=\toks26

("C:\Program Files\MiKTeX 2.9\tex\generic\pgf\utilities\pgfkeysfiltered.code.tex"
\pgfkeys@tmptoks=\toks27
))
\pgf@x=\dimen152
\pgf@y=\dimen153
\pgf@xa=\dimen154
\pgf@ya=\dimen155
\pgf@xb=\dimen156
\pgf@yb=\dimen157
\pgf@xc=\dimen158
\pgf@yc=\dimen159
\w@pgf@writea=\write4
\r@pgf@reada=\read2
\c@pgf@counta=\count140
\c@pgf@countb=\count141
\c@pgf@countc=\count142
\c@pgf@countd=\count143
\t@pgf@toka=\toks28
\t@pgf@tokb=\toks29
\t@pgf@tokc=\toks30

("C:\Program Files\MiKTeX 2.9\tex\generic\pgf\systemlayer\pgf.cfg"
File: pgf.cfg 2008/05/14  (rcs-revision 1.7)
)
Driver file for pgf: pgfsys-pdftex.def

("C:\Program Files\MiKTeX 2.9\tex\generic\pgf\systemlayer\pgfsys-pdftex.def"
File: pgfsys-pdftex.def 2014/10/11  (rcs-revision 1.35)

("C:\Program Files\MiKTeX 2.9\tex\generic\pgf\systemlayer\pgfsys-common-pdf.def"
File: pgfsys-common-pdf.def 2013/10/10  (rcs-revision 1.13)
)))
("C:\Program Files\MiKTeX 2.9\tex\generic\pgf\systemlayer\pgfsyssoftpath.code.tex"
File: pgfsyssoftpath.code.tex 2013/09/09  (rcs-revision 1.9)
\pgfsyssoftpath@smallbuffer@items=\count144
\pgfsyssoftpath@bigbuffer@items=\count145
)
("C:\Program Files\MiKTeX 2.9\tex\generic\pgf\systemlayer\pgfsysprotocol.code.tex"
File: pgfsysprotocol.code.tex 2006/10/16  (rcs-revision 1.4)
))
("C:\Program Files\MiKTeX 2.9\tex\latex\xcolor\xcolor.sty"
Package: xcolor 2016/05/11 v2.12 LaTeX color extensions (UK)
 ("C:\Program Files\MiKTeX 2.9\tex\latex\graphics-cfg\color.cfg"
File: color.cfg 2016/01/02 v1.6 sample color configuration
)
Package xcolor Info: Driver file: pdftex.def on input line 225.
Package xcolor Info: Model `cmy' substituted by `cmy0' on input line 1348.
Package xcolor Info: Model `hsb' substituted by `rgb' on input line 1352.
Package xcolor Info: Model `RGB' extended on input line 1364.
Package xcolor Info: Model `HTML' substituted by `rgb' on input line 1366.
Package xcolor Info: Model `Hsb' substituted by `hsb' on input line 1367.
Package xcolor Info: Model `tHsb' substituted by `hsb' on input line 1368.
Package xcolor Info: Model `HSB' substituted by `hsb' on input line 1369.
Package xcolor Info: Model `Gray' substituted by `gray' on input line 1370.
Package xcolor Info: Model `wave' substituted by `hsb' on input line 1371.
) ("C:\Program Files\MiKTeX 2.9\tex\generic\pgf\basiclayer\pgfcore.code.tex"
Package: pgfcore 2010/04/11 v3.0.1a (rcs-revision 1.7)

("C:\Program Files\MiKTeX 2.9\tex\generic\pgf\math\pgfmath.code.tex"
("C:\Program Files\MiKTeX 2.9\tex\generic\pgf\math\pgfmathcalc.code.tex"
("C:\Program Files\MiKTeX 2.9\tex\generic\pgf\math\pgfmathutil.code.tex")
("C:\Program Files\MiKTeX 2.9\tex\generic\pgf\math\pgfmathparser.code.tex"
\pgfmath@dimen=\dimen160
\pgfmath@count=\count146
\pgfmath@box=\box30
\pgfmath@toks=\toks31
\pgfmath@stack@operand=\toks32
\pgfmath@stack@operation=\toks33
)
("C:\Program Files\MiKTeX 2.9\tex\generic\pgf\math\pgfmathfunctions.code.tex"
("C:\Program Files\MiKTeX 2.9\tex\generic\pgf\math\pgfmathfunctions.basic.code.tex")
("C:\Program Files\MiKTeX 2.9\tex\generic\pgf\math\pgfmathfunctions.trigonometric.code.tex")
("C:\Program Files\MiKTeX 2.9\tex\generic\pgf\math\pgfmathfunctions.random.code.tex")
("C:\Program Files\MiKTeX 2.9\tex\generic\pgf\math\pgfmathfunctions.comparison.code.tex")
("C:\Program Files\MiKTeX 2.9\tex\generic\pgf\math\pgfmathfunctions.base.code.tex")
("C:\Program Files\MiKTeX 2.9\tex\generic\pgf\math\pgfmathfunctions.round.code.tex")
("C:\Program Files\MiKTeX 2.9\tex\generic\pgf\math\pgfmathfunctions.misc.code.tex")
("C:\Program Files\MiKTeX 2.9\tex\generic\pgf\math\pgfmathfunctions.integerarithmetics.code.tex")))
("C:\Program Files\MiKTeX 2.9\tex\generic\pgf\math\pgfmathfloat.code.tex"
\c@pgfmathroundto@lastzeros=\count147
))
("C:\Program Files\MiKTeX 2.9\tex\generic\pgf\basiclayer\pgfcorepoints.code.tex"
File: pgfcorepoints.code.tex 2013/10/07  (rcs-revision 1.27)
\pgf@picminx=\dimen161
\pgf@picmaxx=\dimen162
\pgf@picminy=\dimen163
\pgf@picmaxy=\dimen164
\pgf@pathminx=\dimen165
\pgf@pathmaxx=\dimen166
\pgf@pathminy=\dimen167
\pgf@pathmaxy=\dimen168
\pgf@xx=\dimen169
\pgf@xy=\dimen170
\pgf@yx=\dimen171
\pgf@yy=\dimen172
\pgf@zx=\dimen173
\pgf@zy=\dimen174
)
("C:\Program Files\MiKTeX 2.9\tex\generic\pgf\basiclayer\pgfcorepathconstruct.code.tex"
File: pgfcorepathconstruct.code.tex 2013/10/07  (rcs-revision 1.29)
\pgf@path@lastx=\dimen175
\pgf@path@lasty=\dimen176
)
("C:\Program Files\MiKTeX 2.9\tex\generic\pgf\basiclayer\pgfcorepathusage.code.tex"
File: pgfcorepathusage.code.tex 2014/11/02  (rcs-revision 1.24)
\pgf@shorten@end@additional=\dimen177
\pgf@shorten@start@additional=\dimen178
)
("C:\Program Files\MiKTeX 2.9\tex\generic\pgf\basiclayer\pgfcorescopes.code.tex"
File: pgfcorescopes.code.tex 2015/05/08  (rcs-revision 1.46)
\pgfpic=\box31
\pgf@hbox=\box32
\pgf@layerbox@main=\box33
\pgf@picture@serial@count=\count148
)
("C:\Program Files\MiKTeX 2.9\tex\generic\pgf\basiclayer\pgfcoregraphicstate.code.tex"
File: pgfcoregraphicstate.code.tex 2014/11/02  (rcs-revision 1.12)
\pgflinewidth=\dimen179
)
("C:\Program Files\MiKTeX 2.9\tex\generic\pgf\basiclayer\pgfcoretransformations.code.tex"
File: pgfcoretransformations.code.tex 2015/08/07  (rcs-revision 1.20)
\pgf@pt@x=\dimen180
\pgf@pt@y=\dimen181
\pgf@pt@temp=\dimen182
)
("C:\Program Files\MiKTeX 2.9\tex\generic\pgf\basiclayer\pgfcorequick.code.tex"
File: pgfcorequick.code.tex 2008/10/09  (rcs-revision 1.3)
)
("C:\Program Files\MiKTeX 2.9\tex\generic\pgf\basiclayer\pgfcoreobjects.code.tex"
File: pgfcoreobjects.code.tex 2006/10/11  (rcs-revision 1.2)
)
("C:\Program Files\MiKTeX 2.9\tex\generic\pgf\basiclayer\pgfcorepathprocessing.code.tex"
File: pgfcorepathprocessing.code.tex 2013/09/09  (rcs-revision 1.9)
)
("C:\Program Files\MiKTeX 2.9\tex\generic\pgf\basiclayer\pgfcorearrows.code.tex"
File: pgfcorearrows.code.tex 2015/05/14  (rcs-revision 1.43)
\pgfarrowsep=\dimen183
)
("C:\Program Files\MiKTeX 2.9\tex\generic\pgf\basiclayer\pgfcoreshade.code.tex"
File: pgfcoreshade.code.tex 2013/07/15  (rcs-revision 1.15)
\pgf@max=\dimen184
\pgf@sys@shading@range@num=\count149
)
("C:\Program Files\MiKTeX 2.9\tex\generic\pgf\basiclayer\pgfcoreimage.code.tex"
File: pgfcoreimage.code.tex 2013/07/15  (rcs-revision 1.18)

("C:\Program Files\MiKTeX 2.9\tex\generic\pgf\basiclayer\pgfcoreexternal.code.tex"
File: pgfcoreexternal.code.tex 2014/07/09  (rcs-revision 1.21)
\pgfexternal@startupbox=\box34
))
("C:\Program Files\MiKTeX 2.9\tex\generic\pgf\basiclayer\pgfcorelayers.code.tex"
File: pgfcorelayers.code.tex 2013/07/18  (rcs-revision 1.7)
)
("C:\Program Files\MiKTeX 2.9\tex\generic\pgf\basiclayer\pgfcoretransparency.code.tex"
File: pgfcoretransparency.code.tex 2013/09/30  (rcs-revision 1.5)
)
("C:\Program Files\MiKTeX 2.9\tex\generic\pgf\basiclayer\pgfcorepatterns.code.tex"
File: pgfcorepatterns.code.tex 2013/11/07  (rcs-revision 1.5)
)))
("C:\Program Files\MiKTeX 2.9\tex\generic\pgf\modules\pgfmoduleshapes.code.tex"
File: pgfmoduleshapes.code.tex 2014/03/21  (rcs-revision 1.35)
\pgfnodeparttextbox=\box35
)
("C:\Program Files\MiKTeX 2.9\tex\generic\pgf\modules\pgfmoduleplot.code.tex"
File: pgfmoduleplot.code.tex 2015/08/03  (rcs-revision 1.13)
)
("C:\Program Files\MiKTeX 2.9\tex\latex\pgf\compatibility\pgfcomp-version-0-65.sty"
Package: pgfcomp-version-0-65 2007/07/03 v3.0.1a (rcs-revision 1.7)
\pgf@nodesepstart=\dimen185
\pgf@nodesepend=\dimen186
)
("C:\Program Files\MiKTeX 2.9\tex\latex\pgf\compatibility\pgfcomp-version-1-18.sty"
Package: pgfcomp-version-1-18 2007/07/23 v3.0.1a (rcs-revision 1.1)
))
("C:\Program Files\MiKTeX 2.9\tex\latex\pgf\utilities\pgffor.sty"
("C:\Program Files\MiKTeX 2.9\tex\latex\pgf\utilities\pgfkeys.sty"
("C:\Program Files\MiKTeX 2.9\tex\generic\pgf\utilities\pgfkeys.code.tex"))
("C:\Program Files\MiKTeX 2.9\tex\latex\pgf\math\pgfmath.sty"
("C:\Program Files\MiKTeX 2.9\tex\generic\pgf\math\pgfmath.code.tex"))
("C:\Program Files\MiKTeX 2.9\tex\generic\pgf\utilities\pgffor.code.tex"
Package: pgffor 2013/12/13 v3.0.1a (rcs-revision 1.25)

("C:\Program Files\MiKTeX 2.9\tex\generic\pgf\math\pgfmath.code.tex")
\pgffor@iter=\dimen187
\pgffor@skip=\dimen188
\pgffor@stack=\toks34
\pgffor@toks=\toks35
))
("C:\Program Files\MiKTeX 2.9\tex\generic\pgf\frontendlayer\tikz\tikz.code.tex"
Package: tikz 2015/08/07 v3.0.1a (rcs-revision 1.151)

("C:\Program Files\MiKTeX 2.9\tex\generic\pgf\libraries\pgflibraryplothandlers.code.tex"
File: pgflibraryplothandlers.code.tex 2013/08/31 v3.0.1a (rcs-revision 1.20)
\pgf@plot@mark@count=\count150
\pgfplotmarksize=\dimen189
)
\tikz@lastx=\dimen190
\tikz@lasty=\dimen191
\tikz@lastxsaved=\dimen192
\tikz@lastysaved=\dimen193
\tikzleveldistance=\dimen194
\tikzsiblingdistance=\dimen256
\tikz@figbox=\box36
\tikz@figbox@bg=\box37
\tikz@tempbox=\box38
\tikz@tempbox@bg=\box39
\tikztreelevel=\count151
\tikznumberofchildren=\count152
\tikznumberofcurrentchild=\count153
\tikz@fig@count=\count154

("C:\Program Files\MiKTeX 2.9\tex\generic\pgf\modules\pgfmodulematrix.code.tex"
File: pgfmodulematrix.code.tex 2013/09/17  (rcs-revision 1.8)
\pgfmatrixcurrentrow=\count155
\pgfmatrixcurrentcolumn=\count156
\pgf@matrix@numberofcolumns=\count157
)
\tikz@expandcount=\count158

("C:\Program Files\MiKTeX 2.9\tex\generic\pgf\frontendlayer\tikz\libraries\tikzlibrarytopaths.code.tex"
File: tikzlibrarytopaths.code.tex 2008/06/17 v3.0.1a (rcs-revision 1.2)
)))
("C:\Program Files\MiKTeX 2.9\tex\latex\wallpaper\wallpaper.sty"
Package: wallpaper 2005/01/18, v1.01 easy wallpaper formatting (MHFW)
 ("C:\Program Files\MiKTeX 2.9\tex\latex\base\ifthen.sty"
Package: ifthen 2014/09/29 v1.1c Standard LaTeX ifthen package (DPC)
) ("C:\Program Files\MiKTeX 2.9\tex\latex\tools\calc.sty"
Package: calc 2014/10/28 v4.3 Infix arithmetic (KKT,FJ)
\calc@Acount=\count159
\calc@Bcount=\count160
\calc@Adimen=\dimen257
\calc@Bdimen=\dimen258
\calc@Askip=\skip185
\calc@Bskip=\skip186
LaTeX Info: Redefining \setlength on input line 80.
LaTeX Info: Redefining \addtolength on input line 81.
\calc@Ccount=\count161
\calc@Cskip=\skip187
) ("C:\Program Files\MiKTeX 2.9\tex\latex\eso-pic\eso-pic.sty"
Package: eso-pic 2015/07/21 v2.0g eso-pic (RN)
("C:\Program Files\MiKTeX 2.9\tex\generic\oberdiek\atbegshi.sty"
Package: atbegshi 2016/06/09 v1.18 At begin shipout hook (HO)

("C:\Program Files\MiKTeX 2.9\tex\generic\oberdiek\infwarerr.sty"
Package: infwarerr 2016/05/16 v1.4 Providing info/warning/error messages (HO)
)
("C:\Program Files\MiKTeX 2.9\tex\generic\oberdiek\ltxcmds.sty"
Package: ltxcmds 2016/05/16 v1.23 LaTeX kernel commands for general use (HO)
)))
\wpXoffset=\skip188
\wpYoffset=\skip189
\tileXoffset=\skip190
\tileYoffset=\skip191
\tilewidth=\skip192
\tileheight=\skip193
\tileX=\skip194
\tileY=\skip256
) (Memoria.aux
LaTeX Info: Redefining \. on input line 8.
LaTeX Info: Redefining \% on input line 8.
)
\openout1 = `Memoria.aux'.

LaTeX Font Info:    Checking defaults for OML/cmm/m/it on input line 16.
LaTeX Font Info:    ... okay on input line 16.
LaTeX Font Info:    Checking defaults for T1/cmr/m/n on input line 16.
LaTeX Font Info:    ... okay on input line 16.
LaTeX Font Info:    Checking defaults for OT1/cmr/m/n on input line 16.
LaTeX Font Info:    ... okay on input line 16.
LaTeX Font Info:    Checking defaults for OMS/cmsy/m/n on input line 16.
LaTeX Font Info:    ... okay on input line 16.
LaTeX Font Info:    Checking defaults for OMX/cmex/m/n on input line 16.
LaTeX Font Info:    ... okay on input line 16.
LaTeX Font Info:    Checking defaults for U/cmr/m/n on input line 16.
LaTeX Font Info:    ... okay on input line 16.
LaTeX Font Info:    Try loading font information for T1+lmr on input line 16.

("C:\Program Files\MiKTeX 2.9\tex\latex\lm\t1lmr.fd"
File: t1lmr.fd 2009/10/30 v1.6 Font defs for Latin Modern
)
LaTeX Info: Redefining \. on input line 16.
LaTeX Info: Redefining \% on input line 16.
 ABD: EveryShipout initializing macros
("C:\Program Files\MiKTeX 2.9\tex\context\base\supp-pdf.mkii"
[Loading MPS to PDF converter (version 2006.09.02).]
\scratchcounter=\count162
\scratchdimen=\dimen259
\scratchbox=\box40
\nofMPsegments=\count163
\nofMParguments=\count164
\everyMPshowfont=\toks36
\MPscratchCnt=\count165
\MPscratchDim=\dimen260
\MPnumerator=\count166
\makeMPintoPDFobject=\count167
\everyMPtoPDFconversion=\toks37
) ("C:\Program Files\MiKTeX 2.9\tex\latex\oberdiek\epstopdf-base.sty"
Package: epstopdf-base 2016/05/15 v2.6 Base part for package epstopdf

("C:\Program Files\MiKTeX 2.9\tex\latex\oberdiek\grfext.sty"
Package: grfext 2016/05/16 v1.2 Manage graphics extensions (HO)

("C:\Program Files\MiKTeX 2.9\tex\generic\oberdiek\kvdefinekeys.sty"
Package: kvdefinekeys 2016/05/16 v1.4 Define keys (HO)
))
("C:\Program Files\MiKTeX 2.9\tex\latex\oberdiek\kvoptions.sty"
Package: kvoptions 2016/05/16 v3.12 Key value format for package options (HO)

("C:\Program Files\MiKTeX 2.9\tex\generic\oberdiek\kvsetkeys.sty"
Package: kvsetkeys 2016/05/16 v1.17 Key value parser (HO)

("C:\Program Files\MiKTeX 2.9\tex\generic\oberdiek\etexcmds.sty"
Package: etexcmds 2016/05/16 v1.6 Avoid name clashes with e-TeX commands (HO)
Package etexcmds Info: Could not find \expanded.
(etexcmds)             That can mean that you are not using pdfTeX 1.50 or
(etexcmds)             that some package has redefined \expanded.
(etexcmds)             In the latter case, load this package earlier.
)))
("C:\Program Files\MiKTeX 2.9\tex\generic\oberdiek\pdftexcmds.sty"
Package: pdftexcmds 2018/01/21 v0.26 Utility functions of pdfTeX for LuaTeX (HO)
Package pdftexcmds Info: LuaTeX not detected.
Package pdftexcmds Info: \pdf@primitive is available.
Package pdftexcmds Info: \pdf@ifprimitive is available.
Package pdftexcmds Info: \pdfdraftmode found.
)
Package epstopdf-base Info: Redefining graphics rule for `.eps' on input line 438.
Package grfext Info: Graphics extension search list:
(grfext)             [.pdf,.png,.jpg,.mps,.jpeg,.jbig2,.jb2,.PDF,.PNG,.JPG,.JPEG,.JBIG2,.JB2,.eps]
(grfext)             \AppendGraphicsExtensions on input line 456.
)
\AtBeginShipoutBox=\box41
LaTeX Font Info:    Try loading font information for T1+lmss on input line 23.
 ("C:\Program Files\MiKTeX 2.9\tex\latex\lm\t1lmss.fd"
File: t1lmss.fd 2009/10/30 v1.6 Font defs for Latin Modern
)

LaTeX Font Warning: Font shape `T1/lmss/bx/sc' undefined
(Font)              using `T1/lmss/bx/n' instead on input line 24.

<foto.jpg, id=4, 1284.8pt x 722.7pt>
File: foto.jpg Graphic file (type jpg)
<use foto.jpg>
Package pdftex.def Info: foto.jpg  used on input line 28.
(pdftex.def)             Requested size: 688.01797pt x 387.0101pt.

Overfull \hbox (73.72298pt too wide) has occurred while \output is active
 [][] 
 []

[1{C:/Users/Elena Dokrai/AppData/Local/MiKTeX/2.9/pdftex/config/pdftex.map}

 <./foto.jpg>] (Memoria.toc
LaTeX Info: Redefining \. on input line 1.
LaTeX Info: Redefining \% on input line 1.
LaTeX Font Info:    Try loading font information for OT1+lmr on input line 2.

("C:\Program Files\MiKTeX 2.9\tex\latex\lm\ot1lmr.fd"
File: ot1lmr.fd 2009/10/30 v1.6 Font defs for Latin Modern
)
LaTeX Font Info:    Try loading font information for OML+lmm on input line 2.
 ("C:\Program Files\MiKTeX 2.9\tex\latex\lm\omllmm.fd"
File: omllmm.fd 2009/10/30 v1.6 Font defs for Latin Modern
)
LaTeX Font Info:    Try loading font information for OMS+lmsy on input line 2.

("C:\Program Files\MiKTeX 2.9\tex\latex\lm\omslmsy.fd"
File: omslmsy.fd 2009/10/30 v1.6 Font defs for Latin Modern
)
LaTeX Font Info:    Try loading font information for OMX+lmex on input line 2.
 ("C:\Program Files\MiKTeX 2.9\tex\latex\lm\omxlmex.fd"
File: omxlmex.fd 2009/10/30 v1.6 Font defs for Latin Modern
)
LaTeX Font Info:    External font `lmex10' loaded for size
(Font)              <10.95> on input line 2.
LaTeX Font Info:    External font `lmex10' loaded for size
(Font)              <8> on input line 2.
LaTeX Font Info:    External font `lmex10' loaded for size
(Font)              <6> on input line 2.
)
[2]
<Otros/permisos.png, id=17, 443.40656pt x 100.87688pt>
File: Otros/permisos.png Graphic file (type png)
<use Otros/permisos.png>
Package pdftex.def Info: Otros/permisos.png  used on input line 56.
(pdftex.def)             Requested size: 369.0pt x 83.95404pt.
 [3

]
<Otros/dependencias.png, id=22, 456.20438pt x 173.14688pt>
File: Otros/dependencias.png Graphic file (type png)
<use Otros/dependencias.png>
Package pdftex.def Info: Otros/dependencias.png  used on input line 72.
(pdftex.def)             Requested size: 369.0pt x 140.05269pt.
LaTeX Info: Redefining \. on input line 80.
LaTeX Info: Redefining \% on input line 80.


Class memoir Warning: The material used in the headers is too large
(14.1595pt) for the given head height (13.6pt), it is recommended to
either increase the head height or redesign the header
(in both cases you will find help in the memoir manual). on input line 80.


Overfull \vbox (0.5595pt too high) has occurred while \output is active []

 [4 <./Otros/permisos.png> <./Otros/dependencias.png>] [5

]
LaTeX Info: Redefining \. on input line 115.
LaTeX Info: Redefining \% on input line 115.

Overfull \vbox (0.5595pt too high) has occurred while \output is active []

 [6]
<Diagramas/CU_Login.png, id=36, 352.31625pt x 216.81pt>
File: Diagramas/CU_Login.png Graphic file (type png)
<use Diagramas/CU_Login.png>
Package pdftex.def Info: Diagramas/CU_Login.png  used on input line 123.
(pdftex.def)             Requested size: 369.0pt x 227.07826pt.
<Diagramas/CU_Startpage.png, id=37, 478.78876pt x 370.38374pt>
File: Diagramas/CU_Startpage.png Graphic file (type png)
<use Diagramas/CU_Startpage.png>
Package pdftex.def Info: Diagramas/CU_Startpage.png  used on input line 131.
(pdftex.def)             Requested size: 369.0pt x 285.45633pt.
<Diagramas/CU_Challenge.png, id=38, 478.78876pt x 225.84375pt>
File: Diagramas/CU_Challenge.png Graphic file (type png)
<use Diagramas/CU_Challenge.png>
Package pdftex.def Info: Diagramas/CU_Challenge.png  used on input line 140.
(pdftex.def)             Requested size: 369.0pt x 174.05873pt.
 [7

]
<Diagramas/CU_PicturePage.png, id=43, 352.31625pt x 216.81pt>
File: Diagramas/CU_PicturePage.png Graphic file (type png)
<use Diagramas/CU_PicturePage.png>
Package pdftex.def Info: Diagramas/CU_PicturePage.png  used on input line 148.
(pdftex.def)             Requested size: 369.0pt x 227.07826pt.
<Diagramas/CL_Generales.png, id=44, 397.485pt x 271.0125pt>
File: Diagramas/CL_Generales.png Graphic file (type png)
<use Diagramas/CL_Generales.png>
Package pdftex.def Info: Diagramas/CL_Generales.png  used on input line 160.
(pdftex.def)             Requested size: 369.0pt x 251.59653pt.
LaTeX Info: Redefining \. on input line 169.
LaTeX Info: Redefining \% on input line 169.

Overfull \vbox (0.5595pt too high) has occurred while \output is active []

 [8 <./Diagramas/CU_Login.png>]
LaTeX Info: Redefining \. on input line 169.
LaTeX Info: Redefining \% on input line 169.

Overfull \vbox (0.5595pt too high) has occurred while \output is active []

 [9 <./Diagramas/CU_Startpage.png> <./Diagramas/CU_Challenge.png>]
<Diagramas/ER_General.png, id=54, 485.11238pt x 346.896pt>
File: Diagramas/ER_General.png Graphic file (type png)
<use Diagramas/ER_General.png>
Package pdftex.def Info: Diagramas/ER_General.png  used on input line 174.
(pdftex.def)             Requested size: 369.0pt x 263.87129pt.
LaTeX Info: Redefining \. on input line 180.
LaTeX Info: Redefining \% on input line 180.

Overfull \vbox (0.5595pt too high) has occurred while \output is active []

 [10 <./Diagramas/CU_PicturePage.png>]
LaTeX Info: Redefining \. on input line 180.
LaTeX Info: Redefining \% on input line 180.

Overfull \vbox (0.5595pt too high) has occurred while \output is active []

 [11 <./Diagramas/CL_Generales.png>]
<Diagramas/ER_Located.png, id=63, 180.675pt x 207.77625pt>
File: Diagramas/ER_Located.png Graphic file (type png)
<use Diagramas/ER_Located.png>
Package pdftex.def Info: Diagramas/ER_Located.png  used on input line 182.
(pdftex.def)             Requested size: 369.0pt x 424.39053pt.
LaTeX Info: Redefining \. on input line 190.
LaTeX Info: Redefining \% on input line 190.

Overfull \vbox (0.5595pt too high) has occurred while \output is active []

 [12 <./Diagramas/ER_General.png>]
LaTeX Info: Redefining \. on input line 190.
LaTeX Info: Redefining \% on input line 190.

Overfull \vbox (0.5595pt too high) has occurred while \output is active []

 [13 <./Diagramas/ER_Located.png>]
<Diagramas/CL_Challenge.png, id=73, 596.2275pt x 397.485pt>
File: Diagramas/CL_Challenge.png Graphic file (type png)
<use Diagramas/CL_Challenge.png>
Package pdftex.def Info: Diagramas/CL_Challenge.png  used on input line 193.
(pdftex.def)             Requested size: 369.0pt x 246.00146pt.
LaTeX Info: Redefining \. on input line 199.
LaTeX Info: Redefining \% on input line 199.

Overfull \vbox (0.5595pt too high) has occurred while \output is active []

 [14 <./Diagramas/CL_Challenge.png>]
<Diagramas/CL_Picture.png, id=78, 731.73375pt x 334.24875pt>
File: Diagramas/CL_Picture.png Graphic file (type png)
<use Diagramas/CL_Picture.png>
Package pdftex.def Info: Diagramas/CL_Picture.png  used on input line 201.
(pdftex.def)             Requested size: 369.0pt x 168.55711pt.
LaTeX Info: Redefining \. on input line 210.
LaTeX Info: Redefining \% on input line 210.

Overfull \vbox (0.5595pt too high) has occurred while \output is active []

 [15 <./Diagramas/CL_Picture.png>]
<Diagramas/CL_User.png, id=83, 433.62pt x 442.65375pt>
File: Diagramas/CL_User.png Graphic file (type png)
<use Diagramas/CL_User.png>
Package pdftex.def Info: Diagramas/CL_User.png  used on input line 212.
(pdftex.def)             Requested size: 369.0pt x 376.70323pt.
<Diagramas/SEC_Register.png, id=84, 569.12625pt x 316.18124pt>
File: Diagramas/SEC_Register.png Graphic file (type png)
<use Diagramas/SEC_Register.png>
Package pdftex.def Info: Diagramas/SEC_Register.png  used on input line 221.
(pdftex.def)             Requested size: 369.0pt x 205.00879pt.
<Diagramas/SEC_Login.png, id=85, 569.12625pt x 271.0125pt>
File: Diagramas/SEC_Login.png Graphic file (type png)
<use Diagramas/SEC_Login.png>
Package pdftex.def Info: Diagramas/SEC_Login.png  used on input line 227.
(pdftex.def)             Requested size: 369.0pt x 175.72182pt.
LaTeX Info: Redefining \. on input line 233.
LaTeX Info: Redefining \% on input line 233.

Overfull \vbox (0.5595pt too high) has occurred while \output is active []

 [16 <./Diagramas/CL_User.png>]
LaTeX Info: Redefining \. on input line 233.
LaTeX Info: Redefining \% on input line 233.

Overfull \vbox (0.5595pt too high) has occurred while \output is active []

 [17 <./Diagramas/SEC_Register.png> <./Diagramas/SEC_Login.png>]
<Diagramas/SEC_Startpage.png, id=95, 505.89pt x 388.45125pt>
File: Diagramas/SEC_Startpage.png Graphic file (type png)
<use Diagramas/SEC_Startpage.png>
Package pdftex.def Info: Diagramas/SEC_Startpage.png  used on input line 237.
(pdftex.def)             Requested size: 369.0pt x 283.34181pt.
<Diagramas/SEC_Challenge.png, id=96, 464.33475pt x 343.2825pt>
File: Diagramas/SEC_Challenge.png Graphic file (type png)
<use Diagramas/SEC_Challenge.png>
Package pdftex.def Info: Diagramas/SEC_Challenge.png  used on input line 245.
(pdftex.def)             Requested size: 369.0pt x 272.80875pt.
<Diagramas/SEC_Picture.png, id=97, 325.215pt x 334.24875pt>
File: Diagramas/SEC_Picture.png Graphic file (type png)
<use Diagramas/SEC_Picture.png>
Package pdftex.def Info: Diagramas/SEC_Picture.png  used on input line 252.
(pdftex.def)             Requested size: 369.0pt x 379.27774pt.
<Diagramas/SEC_Profile.png, id=98, 320.69812pt x 225.84375pt>
File: Diagramas/SEC_Profile.png Graphic file (type png)
<use Diagramas/SEC_Profile.png>
Package pdftex.def Info: Diagramas/SEC_Profile.png  used on input line 260.
(pdftex.def)             Requested size: 369.0pt x 259.86646pt.
LaTeX Info: Redefining \. on input line 266.
LaTeX Info: Redefining \% on input line 266.

Overfull \vbox (0.5595pt too high) has occurred while \output is active []

 [18]
<Diagramas/SEC_Findpics.png, id=102, 460.72125pt x 352.31625pt>
File: Diagramas/SEC_Findpics.png Graphic file (type png)
<use Diagramas/SEC_Findpics.png>
Package pdftex.def Info: Diagramas/SEC_Findpics.png  used on input line 268.
(pdftex.def)             Requested size: 369.0pt x 282.17593pt.
<Diagramas/SEC_Ranking.png, id=103, 225.84375pt x 252.945pt>
File: Diagramas/SEC_Ranking.png Graphic file (type png)
<use Diagramas/SEC_Ranking.png>
Package pdftex.def Info: Diagramas/SEC_Ranking.png  used on input line 274.
(pdftex.def)             Requested size: 369.0pt x 413.33495pt.
<Diagramas/SEC_About.png, id=104, 225.84375pt x 189.70876pt>
File: Diagramas/SEC_About.png Graphic file (type png)
<use Diagramas/SEC_About.png>
Package pdftex.def Info: Diagramas/SEC_About.png  used on input line 282.
(pdftex.def)             Requested size: 369.0pt x 310.0012pt.
LaTeX Info: Redefining \. on input line 290.
LaTeX Info: Redefining \% on input line 290.

Overfull \vbox (0.5595pt too high) has occurred while \output is active []

 [19 <./Diagramas/SEC_Startpage.png>]
LaTeX Info: Redefining \. on input line 290.
LaTeX Info: Redefining \% on input line 290.

Overfull \vbox (0.5595pt too high) has occurred while \output is active []

 [20 <./Diagramas/SEC_Challenge.png>]
LaTeX Info: Redefining \. on input line 290.
LaTeX Info: Redefining \% on input line 290.

Overfull \vbox (0.5595pt too high) has occurred while \output is active []

 [21 <./Diagramas/SEC_Picture.png>]
LaTeX Info: Redefining \. on input line 290.
LaTeX Info: Redefining \% on input line 290.

Overfull \vbox (0.5595pt too high) has occurred while \output is active []

 [22 <./Diagramas/SEC_Profile.png>]
LaTeX Info: Redefining \. on input line 290.
LaTeX Info: Redefining \% on input line 290.

Overfull \vbox (0.5595pt too high) has occurred while \output is active []

 [23 <./Diagramas/SEC_Findpics.png>]
LaTeX Info: Redefining \. on input line 290.
LaTeX Info: Redefining \% on input line 290.

Overfull \vbox (0.5595pt too high) has occurred while \output is active []

 [24 <./Diagramas/SEC_Ranking.png>]
LaTeX Info: Redefining \. on input line 290.
LaTeX Info: Redefining \% on input line 290.

Overfull \vbox (0.5595pt too high) has occurred while \output is active []

 [25 <./Diagramas/SEC_About.png>]
<Capturas/register.png, id=135, 1084.05pt x 1927.2pt>
File: Capturas/register.png Graphic file (type png)
<use Capturas/register.png>
Package pdftex.def Info: Capturas/register.png  used on input line 297.
(pdftex.def)             Requested size: 258.29887pt x 459.1851pt.
<Capturas/login.png, id=136, 1084.05pt x 1927.2pt>
File: Capturas/login.png Graphic file (type png)
<use Capturas/login.png>
Package pdftex.def Info: Capturas/login.png  used on input line 303.
(pdftex.def)             Requested size: 258.29887pt x 459.1851pt.
<Capturas/challenges.png, id=137, 1084.05pt x 1927.2pt>
File: Capturas/challenges.png Graphic file (type png)
<use Capturas/challenges.png>
Package pdftex.def Info: Capturas/challenges.png  used on input line 313.
(pdftex.def)             Requested size: 258.29887pt x 459.1851pt.
 [26

]
LaTeX Info: Redefining \. on input line 319.
LaTeX Info: Redefining \% on input line 319.

Overfull \vbox (0.5595pt too high) has occurred while \output is active []

 [27 <./Capturas/register.png>]
LaTeX Info: Redefining \. on input line 319.
LaTeX Info: Redefining \% on input line 319.

Overfull \vbox (0.5595pt too high) has occurred while \output is active []

 [28 <./Capturas/login.png>]
LaTeX Info: Redefining \. on input line 319.
LaTeX Info: Redefining \% on input line 319.

Overfull \vbox (0.5595pt too high) has occurred while \output is active []

 [29 <./Capturas/challenges.png>]
<Capturas/distopia.png, id=153, 1084.05pt x 1927.2pt>
File: Capturas/distopia.png Graphic file (type png)
<use Capturas/distopia.png>
Package pdftex.def Info: Capturas/distopia.png  used on input line 321.
(pdftex.def)             Requested size: 258.29887pt x 459.1851pt.
<Capturas/daily.png, id=154, 1084.05pt x 1927.2pt>
File: Capturas/daily.png Graphic file (type png)
<use Capturas/daily.png>
Package pdftex.def Info: Capturas/daily.png  used on input line 327.
(pdftex.def)             Requested size: 258.29887pt x 459.1851pt.
<Capturas/camera.png, id=155, 1084.05pt x 1927.2pt>
File: Capturas/camera.png Graphic file (type png)
<use Capturas/camera.png>
Package pdftex.def Info: Capturas/camera.png  used on input line 333.
(pdftex.def)             Requested size: 258.29887pt x 459.1851pt.
<Capturas/picture.png, id=156, 1084.05pt x 1927.2pt>
File: Capturas/picture.png Graphic file (type png)
<use Capturas/picture.png>
Package pdftex.def Info: Capturas/picture.png  used on input line 341.
(pdftex.def)             Requested size: 258.29887pt x 459.1851pt.
<Capturas/webview.png, id=157, 1084.05pt x 1927.2pt>
File: Capturas/webview.png Graphic file (type png)
<use Capturas/webview.png>
Package pdftex.def Info: Capturas/webview.png  used on input line 350.
(pdftex.def)             Requested size: 258.29887pt x 459.1851pt.
<Capturas/profile.png, id=158, 1084.05pt x 1927.2pt>
File: Capturas/profile.png Graphic file (type png)
<use Capturas/profile.png>
Package pdftex.def Info: Capturas/profile.png  used on input line 362.
(pdftex.def)             Requested size: 258.29887pt x 459.1851pt.
<Capturas/ranking.png, id=159, 1084.05pt x 1927.2pt>
File: Capturas/ranking.png Graphic file (type png)
<use Capturas/ranking.png>
Package pdftex.def Info: Capturas/ranking.png  used on input line 368.
(pdftex.def)             Requested size: 258.29887pt x 459.1851pt.
<Capturas/findpics.png, id=160, 1084.05pt x 1927.2pt>
File: Capturas/findpics.png Graphic file (type png)
<use Capturas/findpics.png>
Package pdftex.def Info: Capturas/findpics.png  used on input line 374.
(pdftex.def)             Requested size: 258.29887pt x 459.1851pt.
LaTeX Info: Redefining \. on input line 383.
LaTeX Info: Redefining \% on input line 383.

Overfull \vbox (0.5595pt too high) has occurred while \output is active []

 [30]
LaTeX Info: Redefining \. on input line 383.
LaTeX Info: Redefining \% on input line 383.

Overfull \vbox (0.5595pt too high) has occurred while \output is active []

 [31 <./Capturas/distopia.png>]
LaTeX Info: Redefining \. on input line 383.
LaTeX Info: Redefining \% on input line 383.

Overfull \vbox (0.5595pt too high) has occurred while \output is active []

 [32 <./Capturas/daily.png>]
LaTeX Info: Redefining \. on input line 383.
LaTeX Info: Redefining \% on input line 383.

Overfull \vbox (0.5595pt too high) has occurred while \output is active []

 [33 <./Capturas/camera.png>]
LaTeX Info: Redefining \. on input line 383.
LaTeX Info: Redefining \% on input line 383.

Overfull \vbox (0.5595pt too high) has occurred while \output is active []

 [34 <./Capturas/picture.png>]
LaTeX Info: Redefining \. on input line 383.
LaTeX Info: Redefining \% on input line 383.

Overfull \vbox (0.5595pt too high) has occurred while \output is active []

 [35 <./Capturas/webview.png>]
LaTeX Info: Redefining \. on input line 383.
LaTeX Info: Redefining \% on input line 383.

Overfull \vbox (0.5595pt too high) has occurred while \output is active []

 [36 <./Capturas/profile.png>]
LaTeX Info: Redefining \. on input line 383.
LaTeX Info: Redefining \% on input line 383.

Overfull \vbox (0.5595pt too high) has occurred while \output is active []

 [37 <./Capturas/ranking.png>]
LaTeX Info: Redefining \. on input line 383.
LaTeX Info: Redefining \% on input line 383.

Overfull \vbox (0.5595pt too high) has occurred while \output is active []

 [38 <./Capturas/findpics.png>]

Class memoir Warning: The material used in the headers is too large
(14.1595pt) for the given head height (13.6pt), it is recommended to
either increase the head height or redesign the header
(in both cases you will find help in the memoir manual). on input line 389.

[39

]
\tf@toc=\write5
\openout5 = `Memoria.toc'.

 (Memoria.aux
LaTeX Info: Redefining \. on input line 8.
LaTeX Info: Redefining \% on input line 8.
)

LaTeX Font Warning: Some font shapes were not available, defaults substituted.

 ) 
Here is how much of TeX's memory you used:
 16540 strings out of 493305
 304940 string characters out of 3138851
 370598 words of memory out of 3000000
 19764 multiletter control sequences out of 15000+200000
 64399 words of font info for 43 fonts, out of 3000000 for 9000
 1141 hyphenation exceptions out of 8191
 60i,13n,54p,1586b,613s stack positions out of 5000i,500n,10000p,200000b,50000s
{C:/Program Files/MiKTeX 2.9/fonts/enc/dvips/lm/lm-ec.enc}<C:/Program Files/MiKTeX 2.9/fonts/type1/public/lm/lmbx10.pf
b><C:/Program Files/MiKTeX 2.9/fonts/type1/public/lm/lmbx12.pfb><C:/Program Files/MiKTeX 2.9/fonts/type1/public/lm/lmr10
.pfb><C:/Program Files/MiKTeX 2.9/fonts/type1/public/lm/lmri10.pfb><C:/Program Files/MiKTeX 2.9/fonts/type1/public/lm/lm
ro10.pfb><C:/Program Files/MiKTeX 2.9/fonts/type1/public/lm/lmss8.pfb><C:/Program Files/MiKTeX 2.9/fonts/type1/public/lm
/lmssbx10.pfb>
Output written on Memoria.pdf (39 pages, 7641642 bytes).
PDF statistics:
 227 PDF objects out of 1000 (max. 8388607)
 0 named destinations out of 1000 (max. 500000)
 178 words of extra memory for PDF output out of 10000 (max. 10000000)

